<?xml version="1.0" encoding="UTF-8"?>
<testng-results ignored="0" total="2" passed="2" failed="0" skipped="0">
  <reporter-output>
  </reporter-output>
  <suite started-at="2026-03-16T22:23:33 IST" name="Suite" finished-at="2026-03-16T22:24:06 IST" duration-ms="33600">
    <groups>
    </groups>
    <test started-at="2026-03-16T22:23:33 IST" name="Test" finished-at="2026-03-16T22:24:06 IST" duration-ms="33600">
      <class name="org.testcase.LoginTestCase">
        <test-method is-config="true" signature="loadConfig()[pri:0, instance:org.testcase.LoginTestCase@4201c465]" started-at="2026-03-16T22:23:33 IST" name="loadConfig" finished-at="2026-03-16T22:23:36 IST" duration-ms="2995" status="PASS">
          <reporter-output>
          </reporter-output>
        </test-method> <!-- loadConfig -->
        <test-method signature="Logintest()[pri:1, instance:org.testcase.LoginTestCase@4201c465]" started-at="2026-03-16T22:23:36 IST" name="Logintest" finished-at="2026-03-16T22:24:00 IST" duration-ms="23411" status="PASS">
          <reporter-output>
          </reporter-output>
        </test-method> <!-- Logintest -->
        <test-method signature="recruitmentAdd()[pri:2, instance:org.testcase.LoginTestCase@4201c465]" started-at="2026-03-16T22:24:00 IST" name="recruitmentAdd" finished-at="2026-03-16T22:24:06 IST" duration-ms="5924" status="PASS">
          <reporter-output>
          </reporter-output>
        </test-method> <!-- recruitmentAdd -->
        <test-method is-config="true" signature="tearDown()[pri:0, instance:org.testcase.LoginTestCase@4201c465]" started-at="2026-03-16T22:24:06 IST" name="tearDown" finished-at="2026-03-16T22:24:06 IST" duration-ms="351" status="PASS">
          <reporter-output>
          </reporter-output>
        </test-method> <!-- tearDown -->
      </class> <!-- org.testcase.LoginTestCase -->
    </test> <!-- Test -->
  </suite> <!-- Suite -->
</testng-results>
